  ofApp.cpp
C:\openFrameworks\of_v0.12.0_vs_release\libs\openFrameworks\utils\ofUtils.h(1,1): warning C4819: ファイルは、現在のコード ページ (932) で表示できない文字を含んでいます。データの損失を防ぐために、ファイルを Unicode 形式で保存してください。
C:\openFrameworks\of_v0.12.0_vs_release\libs\openFrameworks\math\ofVec3f.h(1,1): warning C4819: ファイルは、現在のコード ページ (932) で表示できない文字を含んでいます。データの損失を防ぐために、ファイルを Unicode 形式で保存してください。
C:\openFrameworks\of_v0.12.0_vs_release\libs\openFrameworks\math\ofVec2f.h(1,1): warning C4819: ファイルは、現在のコード ページ (932) で表示できない文字を含んでいます。データの損失を防ぐために、ファイルを Unicode 形式で保存してください。
C:\openFrameworks\of_v0.12.0_vs_release\libs\openFrameworks\math\ofMatrix4x4.h(326,1): warning C4267: '引数': 'size_t' から 'int' に変換しました。データが失われているかもしれません。
C:\openFrameworks\of_v0.12.0_vs_release\libs\openFrameworks\math\ofMatrix4x4.h(331,1): warning C4267: '引数': 'size_t' から 'int' に変換しました。データが失われているかもしれません。
C:\openFrameworks\of_v0.12.0_vs_release\libs\openFrameworks\math\ofMatrix4x4.h(912,12): warning C4267: '引数': 'size_t' から 'int' に変換しました。データが失われているかもしれません。
C:\openFrameworks\of_v0.12.0_vs_release\libs\openFrameworks\math\ofMatrix4x4.h(913,12): warning C4267: '引数': 'size_t' から 'int' に変換しました。データが失われているかもしれません。
C:\openFrameworks\of_v0.12.0_vs_release\libs\openFrameworks\math\ofMatrix4x4.h(914,12): warning C4267: '引数': 'size_t' から 'int' に変換しました。データが失われているかもしれません。
C:\openFrameworks\of_v0.12.0_vs_release\libs\openFrameworks\math\ofMatrix4x4.h(915,12): warning C4267: '引数': 'size_t' から 'int' に変換しました。データが失われているかもしれません。
C:\openFrameworks\of_v0.12.0_vs_release\addons\ofxOpenCv\libs\opencv\include\opencv2\calib3d.hpp(1,1): warning C4819: ファイルは、現在のコード ページ (932) で表示できない文字を含んでいます。データの損失を防ぐために、ファイルを Unicode 形式で保存してください。
C:\openFrameworks\of_v0.12.0_vs_release\apps\myApps\Marbler\src\ofApp.cpp(11,19): warning C4996: 'ofImage_<unsigned char>::loadImage': Use load instead
C:\openFrameworks\of_v0.12.0_vs_release\apps\myApps\Marbler\src\ofApp.cpp(94,44): warning C4267: '初期化中': 'size_t' から 'int' に変換しました。データが失われているかもしれません。
C:\openFrameworks\of_v0.12.0_vs_release\apps\myApps\Marbler\src\ofApp.cpp(88,2): warning C4996: 'ofRect': Use ofDrawRectangle instead
LINK : warning LNK4075: /INCREMENTAL は /FORCE の指定によって無視されます。
  Marbler.vcxproj -> C:\openFrameworks\of_v0.12.0_vs_release\apps\myApps\Marbler\bin\Marbler_debug.exe
  
  	                   2	C:\openFrameworks\of_v0.12.0_vs_release\libs\fmod\lib\vs\x64\
  	  *EXTRA File 		 6942208	C:\openFrameworks\of_v0.12.0_vs_release\apps\myApps\Marbler\bin\FreeImage.dll
  
  	                   1	C:\openFrameworks\of_v0.12.0_vs_release\libs\FreeImage\lib\vs\x64\
  	  *EXTRA File 		 1826304	C:\openFrameworks\of_v0.12.0_vs_release\apps\myApps\Marbler\bin\fmod.dll
  	  *EXTRA File 		 2041856	C:\openFrameworks\of_v0.12.0_vs_release\apps\myApps\Marbler\bin\fmodL.dll
